1 19875 1.7e-07 0.01 1.69992775e-10              0
2 19625 1.5e-07 0.01 1.49981626e-10              0
3 19375 1.4e-07 0.01 1.39972703e-10              0
4 19125 1.3e-07 0.01  1.2996588e-10              0
5 18875 1.3e-07 0.01 1.29957432e-10              0
6 18625 1.3e-07 0.01 1.29948985e-10              0
7 18375 1.3e-07 0.01 1.29940539e-10              0
8 18125 1.4e-07 0.01 1.39926519e-10              0
9 17875 1.4e-07 0.01 1.39916725e-10              0
10 17625 1.5e-07 0.01 1.49899908e-10              0
11 17375 1.6e-07 0.01 1.59880844e-10              0
12 17125 1.7e-07 0.01 1.69859383e-10              0
13 16875 1.8e-07 0.01 1.79835375e-10              0
14 16625 1.9e-07 0.01 1.89808671e-10              0
15 16375 2.1e-07 0.01 2.09767554e-10              0
16 16125 2.2e-07 0.01 2.19732862e-10              0
17 15875 2.4e-07 0.01 2.39681012e-10              0
18 15625 2.5e-07 0.01 2.49637139e-10              0
19 15375 2.7e-07 0.01 2.69573063e-10              0
20 15125 2.9e-07 0.01 2.89500905e-10              0
21 14875 3.1e-07 0.01 3.09420068e-10              0
22 14625 3.3e-07 0.01 3.29329957e-10              0
23 14375 3.5e-07 0.01 3.49229974e-10              0
24 14125 3.8e-07 0.01  3.7909478e-10              0
25 13875 4e-07 0.01 3.98969331e-10              0
26 13625 4.3e-07 0.01 4.28803045e-10              0
27 13375 4.5e-07 0.01 4.48648659e-10              0
28 13125 4.8e-07 0.01 4.78447318e-10              0
29 12875 5.1e-07 0.01 5.08224474e-10              0
30 12625 5.5e-07 0.01 5.47939994e-10              0
31 12375 5.8e-07 0.01 5.77664417e-10              0
32 12125 6.2e-07 0.01  6.1731812e-10              0
33 11875 6.5e-07 0.01 6.46982902e-10              0
34 11625 8.6e-06 0.01  4.8271968e-06              0
35 11375 2.459e-05 0.01 1.14633142e-05              0
36 11125 4.564e-05 0.01 1.79328803e-05              0
37 10875 6.24e-05 0.01 2.18468303e-05              0
38 10625 6.932e-05 0.01 2.28022884e-05              0
39 10375 6.937e-05 0.01 2.20944727e-05              0
40 10125 9.021e-05 0.01 2.54557675e-05              0
41 9875 0.00013066 0.01 3.08719156e-05              0
42 9625 0.00011757 0.01 2.72912738e-05              0
43 9375 0.00011763 0.01 2.58854647e-05              0
44 9125 0.00010591 0.01  2.2998134e-05              0
45 8875 0.00010598 0.01 2.19064234e-05              0
46 8625 0.00010606 0.01 2.08670971e-05              0
47 8375 0.00014573 0.01 2.40684123e-05              0
48 8125 0.00014582 0.01 2.25763755e-05              0
49 7875 0.00015387 0.01 2.18409593e-05              0
50 7625 0.00017127 0.01 2.16972791e-05              0
51 7375 0.00017137 0.01 2.01476491e-05              0
52 7125 0.00016257 0.01 1.81626219e-05              0
53 6875 0.00015428 0.01 1.64292204e-05              0
54 6625 0.0001717 0.01 1.62633781e-05              0
55 6375 0.00016292 0.01 1.46630883e-05              0
56 6125 0.00019128 0.01 1.48583913e-05              0
57 5875 0.00025031 0.01 1.57049132e-05              0
58 5625 0.00026437 0.01 1.45454657e-05              0
59 5375 0.0002792 0.01 1.34184913e-05              0
60 5125 0.00026469 0.01 1.17301669e-05              0
61 4875 0.00029515 0.01 1.11172039e-05              0
62 4625 0.00025114 0.01 9.27239065e-06              0
63 4375 0.00027994 0.01 8.82680386e-06              0
64 4125 0.00032966 0.01 8.49572853e-06              0
65 3875 0.00036788 0.01 7.87277874e-06              0
66 3625 0.00037942 0.01 7.34272848e-06              0
67 3375 0.0004943 0.01 8.29778803e-06              0
68 3125 0.00073492 0.01 1.10436161e-05              0
69 2875 0.00123255 0.01 1.72641455e-05              0
70 2625 0.00172728 0.01 1.31585443e-05              0
71 2375 0.00203954 0.01 7.87525061e-06              0
72 2125 0.00225175 0.01 4.73891025e-06              0
73 1875 0.00225215 0.01 3.18424207e-06              0
74 1625 0.00256791 0.01 2.45820309e-06              0
75 1375 0.00283173 0.01 2.00163734e-06              0
76 1125 0.00332979 0.01 1.68559112e-06              0
77 875 0.00302247 0.01 1.43916478e-06              0
78 625 0.00355251 0.01 1.23660147e-06              0
79 375 0.00355313 0.01 1.06366852e-06              0
80 125 0.00355378 0.01 9.14530032e-07 0 