1 19875 1.7e-07 0.01 1.69996387e-10              0
2 19625 1.5e-07 0.01 1.49990805e-10              0
3 19375 1.4e-07 0.01 1.39986325e-10              0
4 19125 1.3e-07 0.01 1.29982882e-10              0
5 18875 1.3e-07 0.01 1.29978607e-10              0
6 18625 1.3e-07 0.01 1.29974314e-10              0
7 18375 1.3e-07 0.01     1.2997e-10              0
8 18125 1.4e-07 0.01 1.39962848e-10              0
9 17875 1.4e-07 0.01 1.39957802e-10              0
10 17625 1.5e-07 0.01 1.49949164e-10              0
11 17375 1.6e-07 0.01 1.59939341e-10              0
12 17125 1.7e-07 0.01 1.69928248e-10              0
13 16875 1.8e-07 0.01   1.799158e-10              0
14 16625 1.9e-07 0.01  1.8990191e-10              0
15 16375 2.1e-07 0.01 2.09880552e-10              0
16 16125 2.2e-07 0.01  2.1986241e-10              0
17 15875 2.4e-07 0.01 2.39835332e-10              0
18 15625 2.5e-07 0.01 2.49812263e-10              0
19 15375 2.7e-07 0.01 2.69778619e-10              0
20 15125 2.9e-07 0.01  2.8974064e-10              0
21 14875 3.1e-07 0.01 3.09697992e-10              0
22 14625 3.3e-07 0.01 3.29650334e-10              0
23 14375 3.5e-07 0.01 3.49597326e-10              0
24 14125 3.8e-07 0.01 3.79525678e-10              0
25 13875 4e-07 0.01 3.99458883e-10              0
26 13625 4.3e-07 0.01 4.29370365e-10              0
27 13375 4.5e-07 0.01 4.49287792e-10              0
28 13125 4.8e-07 0.01 4.79180117e-10              0
29 12875 5.1e-07 0.01 5.09060695e-10              0
30 12625 5.5e-07 0.01 5.48908227e-10              0
31 12375 5.8e-07 0.01 5.78759994e-10              0
32 12125 6.2e-07 0.01 6.18573669e-10              0
33 11875 6.5e-07 0.01 6.48392629e-10              0
34 11625 8.6e-06 0.01 3.85924936e-07              0
35 11375 2.459e-05 0.01 9.25524866e-07              0
36 11125 4.564e-05 0.01 1.47992205e-06              0
37 10875 6.24e-05 0.01 1.86738807e-06              0
38 10625 6.932e-05 0.01 2.03712159e-06              0
39 10375 6.937e-05 0.01 2.06815115e-06              0
40 10125 9.021e-05 0.01 2.47572147e-06              0
41 9875 0.00013066 0.01 3.16337296e-06              0
42 9625 0.00011757 0.01 3.06731884e-06              0
43 9375 0.00011763 0.01 3.11441886e-06              0
44 9125 0.00010591 0.01 2.97210487e-06              0
45 8875 0.00010598 0.01 2.96746708e-06              0
46 8625 0.00010606 0.01 2.95638196e-06              0
47 8375 0.00014573 0.01 3.43932084e-06              0
48 8125 0.00014582 0.01 3.47588226e-06              0
49 7875 0.00015387 0.01 3.58371665e-06              0
50 7625 0.00017127 0.01 3.77037609e-06              0
51 7375 0.00017137 0.01 3.78413865e-06              0
52 7125 0.00016257 0.01 3.69554672e-06              0
53 6875 0.00015428 0.01 3.58295281e-06              0
54 6625 0.0001717 0.01 3.66354279e-06              0
55 6375 0.00016292 0.01 3.53262379e-06              0
56 6125 0.00019128 0.01 3.65914778e-06              0
57 5875 0.00025031 0.01 3.95514494e-06              0
58 5625 0.00026437 0.01 3.98741231e-06              0
59 5375 0.0002792 0.01 4.01578472e-06              0
60 5125 0.00026469 0.01 3.90211873e-06              0
61 4875 0.00029515 0.01 3.95727864e-06              0
62 4625 0.00025114 0.01 3.71167301e-06              0
63 4375 0.00027994 0.01 3.71057056e-06              0
64 4125 0.00032966 0.01 3.74633061e-06              0
65 3875 0.00036788 0.01 3.72531364e-06              0
66 3625 0.00037942 0.01 3.75729503e-06              0
67 3375 0.0004943 0.01 4.36032761e-06              0
68 3125 0.00073492 0.01 5.90626146e-06              0
69 2875 0.00123255 0.01 9.75200426e-06              0
70 2625 0.00172728 0.01 9.79411418e-06              0
71 2375 0.00203954 0.01 7.98860692e-06              0
72 2125 0.00225175 0.01 5.99044894e-06              0
73 1875 0.00225215 0.01 4.29922023e-06              0
74 1625 0.00256791 0.01 3.30005403e-06              0
75 1375 0.00283173 0.01 2.51960309e-06              0
76 1125 0.00332979 0.01 1.97953779e-06              0
77 875 0.00302247 0.01 1.55962733e-06              0
78 625 0.00355251 0.01 1.29842936e-06              0
79 375 0.00355313 0.01 1.08853063e-06              0
80 125 0.00355378 0.01 9.24466398e-07              0
