1 19875 1.7e-07 0.001 1.65812968e-10              0
2 19625 1.5e-07 0.001 1.39159015e-10              0
3 19375 1.4e-07 0.001  1.2353838e-10              0
4 19125 1.3e-07 0.001 1.09112165e-10              0
5 18875 1.3e-07 0.001 1.03783955e-10              0
6 18625 1.3e-07 0.001 9.87159354e-11              0
7 18375 1.3e-07 0.001  9.3895399e-11              0
8 18125 1.4e-07 0.001 9.61800426e-11              0
9 17875 1.4e-07 0.001 9.14828826e-11              0
10 17625 1.5e-07 0.001 9.32302529e-11              0
11 17375 1.6e-07 0.001 9.45882549e-11              0
12 17125 1.7e-07 0.001 9.55906924e-11              0
13 16875 1.8e-07 0.001 9.62690033e-11              0
14 16625 1.9e-07 0.001 9.66524092e-11              0
15 16375 2.1e-07 0.001 1.01606208e-10              0
16 16125 2.2e-07 0.001 1.01242352e-10              0
17 15875 2.4e-07 0.001 1.05047601e-10              0
18 15625 2.5e-07 0.001 1.04075136e-10              0
19 15375 2.7e-07 0.001 1.06905385e-10              0
20 15125 2.9e-07 0.001 1.09208969e-10              0
21 14875 3.1e-07 0.001 1.11030463e-10              0
22 14625 3.3e-07 0.001 1.12411361e-10              0
23 14375 3.5e-07 0.001 1.13390266e-10              0
24 14125 3.8e-07 0.001 1.17083951e-10              0
25 13875 4e-07 0.001  1.1721262e-10              0
26 13625 4.3e-07 0.001 1.19833439e-10              0
27 13375 4.5e-07 0.001 1.19264675e-10              0
28 13125 4.8e-07 0.001 1.20983149e-10              0
29 12875 5.1e-07 0.001  1.2224515e-10              0
30 12625 5.5e-07 0.001 1.25370216e-10              0
31 12375 5.8e-07 0.001 1.25725188e-10              0
32 12125 6.2e-07 0.001  1.2780299e-10              0
33 11875 6.5e-07 0.001 1.27411931e-10              0
34 11625 8.6e-06 0.001 9.04281238e-07              0
35 11375 2.459e-05 0.001 2.04274671e-06              0
36 11125 4.564e-05 0.001 3.03983943e-06              0
37 10875 6.24e-05 0.001  3.5227139e-06              0
38 10625 6.932e-05 0.001   3.497391e-06              0
39 10375 6.937e-05 0.001 3.22343976e-06              0
40 10125 9.021e-05 0.001 3.53275816e-06              0
41 9875 0.00013066 0.001 4.07562853e-06              0
42 9625 0.00011757 0.001 3.42686131e-06              0
43 9375 0.00011763 0.001 3.09169578e-06              0
44 9125 0.00010591 0.001 2.61275592e-06              0
45 8875 0.00010598 0.001 2.36741996e-06              0
46 8625 0.00010606 0.001 2.14523487e-06              0
47 8375 0.00014573 0.001 2.35401492e-06              0
48 8125 0.00014582 0.001 2.10048484e-06              0
49 7875 0.00015387 0.001 1.93313638e-06              0
50 7625 0.00017127 0.001 1.82701848e-06              0
51 7375 0.00017137 0.001 1.61406934e-06              0
52 7125 0.00016257 0.001 1.38444982e-06              0
53 6875 0.00015428 0.001 1.19171933e-06              0
54 6625 0.0001717 0.001 1.12264768e-06              0
55 6375 0.00016292 0.001  9.6340383e-07              0
56 6125 0.00019128 0.001 9.29083479e-07              0
57 5875 0.00025031 0.001 9.34477593e-07              0
58 5625 0.00026437 0.001 8.23825711e-07              0
59 5375 0.0002792 0.001  7.2350983e-07              0
60 5125 0.00026469 0.001  6.0237271e-07              0
61 4875 0.00029515 0.001 5.43681445e-07              0
62 4625 0.00025114 0.001 4.32364509e-07              0
63 4375 0.00027994 0.001 3.92228191e-07              0
64 4125 0.00032966 0.001 3.59793274e-07              0
65 3875 0.00036788 0.001 3.17965319e-07              0
66 3625 0.00037942 0.001 2.82832218e-07              0
67 3375 0.0004943 0.001 3.03812292e-07              0
68 3125 0.00073492 0.001 3.83473726e-07              0
69 2875 0.00123255 0.001 5.68420509e-07              0
70 2625 0.00172728 0.001 4.14113924e-07              0
71 2375 0.00203954 0.001 2.38546986e-07              0
72 2125 0.00225175 0.001 1.39390555e-07              0
73 1875 0.00225215 0.001 9.15086167e-08              0
74 1625 0.00256791 0.001 6.88868466e-08              0
75 1375 0.00283173 0.001 5.46006127e-08              0
76 1125 0.00332979 0.001 4.46366498e-08              0
77 875 0.00302247 0.001 3.69327835e-08              0
78 625 0.00355251 0.001 3.07104867e-08              0
79 375 0.00355313 0.001 2.55393311e-08              0
80 125 0.00355378 0.001 2.12111091e-08              0
