1 19875 1.7e-07 0.0001 1.65812968e-10
2 19625 1.5e-07 0.0001 1.39159015e-10
3 19375 1.4e-07 0.0001  1.2353838e-10
4 19125 1.3e-07 0.0001 1.09112165e-10
5 18875 1.3e-07 0.0001 1.03783955e-10
6 18625 1.3e-07 0.0001 9.87159354e-11
7 18375 1.3e-07 0.0001  9.3895399e-11
8 18125 1.4e-07 0.0001 9.61800426e-11
9 17875 1.4e-07 0.0001 9.14828826e-11
10 17625 1.5e-07 0.0001 9.32302529e-11
11 17375 1.6e-07 0.0001 9.45882549e-11
12 17125 1.7e-07 0.0001 9.55906924e-11
13 16875 1.8e-07 0.0001 9.62690033e-11
14 16625 1.9e-07 0.0001 9.66524092e-11
15 16375 2.1e-07 0.0001 1.01606208e-10
16 16125 2.2e-07 0.0001 1.01242352e-10
17 15875 2.4e-07 0.0001 1.05047601e-10
18 15625 2.5e-07 0.0001 1.04075136e-10
19 15375 2.7e-07 0.0001 1.06905385e-10
20 15125 2.9e-07 0.0001 1.09208969e-10
21 14875 3.1e-07 0.0001 1.11030463e-10
22 14625 3.3e-07 0.0001 1.12411361e-10
23 14375 3.5e-07 0.0001 1.13390266e-10
24 14125 3.8e-07 0.0001 1.17083951e-10
25 13875 4e-07 0.0001  1.1721262e-10
26 13625 4.3e-07 0.0001 1.19833439e-10
27 13375 4.5e-07 0.0001 1.19264675e-10
28 13125 4.8e-07 0.0001 1.20983149e-10
29 12875 5.1e-07 0.0001  1.2224515e-10
30 12625 5.5e-07 0.0001 1.25370216e-10
31 12375 5.8e-07 0.0001 1.25725188e-10
32 12125 6.2e-07 0.0001  1.2780299e-10
33 11875 6.5e-07 0.0001 1.27411931e-10
34 11625 8.6e-06 0.0001 9.04233785e-07
35 11375 2.459e-05 0.0001 2.04218853e-06
36 11125 4.564e-05 0.0001 3.03717834e-06
37 10875 6.24e-05 0.0001 3.51540631e-06
38 10625 6.932e-05 0.0001  3.4835459e-06
39 10375 6.937e-05 0.0001 3.20290548e-06
40 10125 9.021e-05 0.0001  3.5044237e-06
41 9875 0.00013066 0.0001 4.03437922e-06
42 9625 0.00011757 0.0001 3.37054672e-06
43 9375 0.00011763 0.0001 3.02455563e-06
44 9125 0.00010591 0.0001 2.53873011e-06
45 8875 0.00010598 0.0001 2.29012138e-06
46 8625 0.00010606 0.0001 2.06620765e-06
47 8375 0.00014573 0.0001 2.27176527e-06
48 8125 0.00014582 0.0001 2.01203903e-06
49 7875 0.00015387 0.0001 1.83903627e-06
50 7625 0.00017127 0.0001 1.72770758e-06
51 7375 0.00017137 0.0001 1.51020644e-06
52 7125 0.00016257 0.0001 1.27826198e-06
53 6875 0.00015428 0.0001 1.08600881e-06
54 6625 0.0001717 0.0001 1.01901798e-06
55 6375 0.00016292 0.0001 8.62386831e-07
56 6125 0.00019128 0.0001 8.31074555e-07
57 5875 0.00025031 0.0001 8.37862345e-07
58 5625 0.00026437 0.0001 7.26544765e-07
59 5375 0.0002792 0.0001 6.25036879e-07
60 5125 0.00026469 0.0001 5.03260699e-07
61 4875 0.00029515 0.0001 4.45080017e-07
62 4625 0.00025114 0.0001 3.35286347e-07
63 4375 0.00027994 0.0001 2.98252881e-07
64 4125 0.00032966 0.0001 2.69279751e-07
65 3875 0.00036788 0.0001 2.30514512e-07
66 3625 0.00037942 0.0001 1.97220487e-07
67 3375 0.0004943 0.0001 2.16746919e-07
68 3125 0.00073492 0.0001 2.89875832e-07
69 2875 0.00123255 0.0001 4.66905909e-07
70 2625 0.00172728 0.0001 3.10484896e-07
71 2375 0.00203954 0.0001 1.40604676e-07
72 2125 0.00225175 0.0001 5.23925202e-08
73 1875 0.00225215 0.0001 1.69936237e-08
74 1625 0.00256791 0.0001 6.14806919e-09
75 1375 0.00283173 0.0001 2.13872757e-09
76 1125 0.00332979 0.0001 8.82848509e-10
77 875 0.00302247 0.0001 4.68493878e-10
78 625 0.00355251 0.0001 3.34906783e-10
79 375 0.00355313 0.0001 2.59626202e-10
80 125 0.00355378 0.0001 2.08374656e-10